2020-11-20 09:51:20.543  INFO 8328 --- [restartedMain] .e.ClientEngagementPortalBackApplication : Starting ClientEngagementPortalBackApplication using Java 14.0.2 on MatthewLee with PID 8328 (C:\Users\matth\Desktop\gitrepos\Projects\CEP\client-engagement-portal-back\target\classes started by matth in C:\Users\matth\Desktop\gitrepos\Projects\CEP\client-engagement-portal-back)
2020-11-20 09:51:20.546 DEBUG 8328 --- [restartedMain] .e.ClientEngagementPortalBackApplication : Running with Spring Boot v2.4.0, Spring v5.3.1
2020-11-20 09:51:20.546  INFO 8328 --- [restartedMain] .e.ClientEngagementPortalBackApplication : No active profile set, falling back to default profiles: default
2020-11-20 09:51:20.596  INFO 8328 --- [restartedMain] .e.DevToolsPropertyDefaultsPostProcessor : Devtools property defaults active! Set 'spring.devtools.add-properties' to 'false' to disable
2020-11-20 09:51:20.597  INFO 8328 --- [restartedMain] .e.DevToolsPropertyDefaultsPostProcessor : For additional web related logging consider setting the 'logging.level.web' property to 'DEBUG'
2020-11-20 09:51:21.342  INFO 8328 --- [restartedMain] .s.d.r.c.RepositoryConfigurationDelegate : Bootstrapping Spring Data JPA repositories in DEFERRED mode.
2020-11-20 09:51:21.397  INFO 8328 --- [restartedMain] .s.d.r.c.RepositoryConfigurationDelegate : Finished Spring Data repository scanning in 50 ms. Found 3 JPA repository interfaces.
2020-11-20 09:51:21.559  INFO 8328 --- [restartedMain] o.s.cloud.context.scope.GenericScope     : BeanFactory id=1594414f-2e7c-36e0-a87c-4d317dd0e70d
2020-11-20 09:51:21.612  INFO 8328 --- [restartedMain] trationDelegate$BeanPostProcessorChecker : Bean 'com.engagement.repo.caliber.GradeClient' of type [org.springframework.cloud.openfeign.FeignClientFactoryBean] is not eligible for getting processed by all BeanPostProcessors (for example: not eligible for auto-proxying)
2020-11-20 09:51:21.613  INFO 8328 --- [restartedMain] trationDelegate$BeanPostProcessorChecker : Bean 'com.engagement.repo.caliber.TrainingClient' of type [org.springframework.cloud.openfeign.FeignClientFactoryBean] is not eligible for getting processed by all BeanPostProcessors (for example: not eligible for auto-proxying)
2020-11-20 09:51:22.143  INFO 8328 --- [restartedMain] o.s.b.w.embedded.tomcat.TomcatWebServer  : Tomcat initialized with port(s): 9011 (http)
2020-11-20 09:51:22.149  INFO 8328 --- [restartedMain] o.apache.catalina.core.StandardService   : Starting service [Tomcat]
2020-11-20 09:51:22.150  INFO 8328 --- [restartedMain] org.apache.catalina.core.StandardEngine  : Starting Servlet engine: [Apache Tomcat/9.0.39]
2020-11-20 09:51:22.252  INFO 8328 --- [restartedMain] o.a.c.c.C.[Tomcat].[localhost].[/]       : Initializing Spring embedded WebApplicationContext
2020-11-20 09:51:22.253  INFO 8328 --- [restartedMain] w.s.c.ServletWebServerApplicationContext : Root WebApplicationContext: initialization completed in 1655 ms
2020-11-20 09:51:22.296  INFO 8328 --- [restartedMain] com.zaxxer.hikari.HikariDataSource       : HikariPool-1 - Starting...
2020-11-20 09:51:23.655  INFO 8328 --- [restartedMain] com.zaxxer.hikari.HikariDataSource       : HikariPool-1 - Start completed.
2020-11-20 09:51:23.660  INFO 8328 --- [restartedMain] o.s.b.a.h2.H2ConsoleAutoConfiguration    : H2 console available at '/h2-console'. Database available at 'jdbc:postgresql://training-db1.cwxetsceaaf2.us-east-2.rds.amazonaws.com:5432/engagement'
2020-11-20 09:51:23.757  INFO 8328 --- [restartedMain] o.s.s.concurrent.ThreadPoolTaskExecutor  : Initializing ExecutorService 'applicationTaskExecutor'
2020-11-20 09:51:23.890  WARN 8328 --- [restartedMain] JpaBaseConfiguration$JpaWebConfiguration : spring.jpa.open-in-view is enabled by default. Therefore, database queries may be performed during view rendering. Explicitly configure spring.jpa.open-in-view to disable this warning
2020-11-20 09:51:23.937  INFO 8328 --- [restartedMain] o.s.b.d.a.OptionalLiveReloadServer       : LiveReload server is running on port 35729
2020-11-20 09:51:23.938  INFO 8328 --- [restartedMain] DeferredRepositoryInitializationListener : Triggering deferred initialization of Spring Data repositories…
2020-11-20 09:51:26.246  INFO 8328 --- [task-1] j.LocalContainerEntityManagerFactoryBean : Initialized JPA EntityManagerFactory for persistence unit 'default'
2020-11-20 09:51:26.556  INFO 8328 --- [restartedMain] DeferredRepositoryInitializationListener : Spring Data repositories initialized!
2020-11-20 09:51:26.659  INFO 8328 --- [restartedMain] DeferredRepositoryInitializationListener : Triggering deferred initialization of Spring Data repositories…
2020-11-20 09:51:26.660  INFO 8328 --- [restartedMain] DeferredRepositoryInitializationListener : Spring Data repositories initialized!
2020-11-20 09:51:27.313  INFO 8328 --- [restartedMain] o.s.b.w.embedded.tomcat.TomcatWebServer  : Tomcat started on port(s): 9011 (http) with context path ''
2020-11-20 09:51:27.417  INFO 8328 --- [restartedMain] DeferredRepositoryInitializationListener : Triggering deferred initialization of Spring Data repositories…
2020-11-20 09:51:27.417  INFO 8328 --- [restartedMain] DeferredRepositoryInitializationListener : Spring Data repositories initialized!
2020-11-20 09:51:27.427  INFO 8328 --- [restartedMain] .e.ClientEngagementPortalBackApplication : Started ClientEngagementPortalBackApplication in 7.327 seconds (JVM running for 8.047)
2020-11-20 09:52:24.755  INFO 8328 --- [http-nio-9011-exec-1] o.a.c.c.C.[Tomcat].[localhost].[/]       : Initializing Spring DispatcherServlet 'dispatcherServlet'
2020-11-20 09:52:24.755  INFO 8328 --- [http-nio-9011-exec-1] o.s.web.servlet.DispatcherServlet        : Initializing Servlet 'dispatcherServlet'
2020-11-20 09:52:24.757  INFO 8328 --- [http-nio-9011-exec-1] o.s.web.servlet.DispatcherServlet        : Completed initialization in 1 ms
2020-11-20 09:52:24.778 DEBUG 8328 --- [http-nio-9011-exec-1] com.engagement.aspect.LoggingAspect      : Enter: com.engagement.controller.AdminController.findAll() with argument[s] = []
2020-11-20 09:52:24.786 DEBUG 8328 --- [http-nio-9011-exec-1] com.engagement.aspect.LoggingAspect      : Enter: com.engagement.service.AdminService.findAll() with argument[s] = []
2020-11-20 09:52:25.241 DEBUG 8328 --- [http-nio-9011-exec-1] com.engagement.aspect.LoggingAspect      : Exit: com.engagement.service.AdminService.findAll() with result = []
2020-11-20 09:52:25.241 DEBUG 8328 --- [http-nio-9011-exec-1] com.engagement.aspect.LoggingAspect      : Exit: com.engagement.controller.AdminController.findAll() with result = []
2020-11-20 09:54:17.618 DEBUG 8328 --- [http-nio-9011-exec-5] com.engagement.aspect.LoggingAspect      : Enter: com.engagement.controller.AdminController.save() with argument[s] = [AdminDto(adminId=0, email=email@email, firstName=first, lastName=last)]
2020-11-20 09:54:17.618 DEBUG 8328 --- [http-nio-9011-exec-5] com.engagement.aspect.LoggingAspect      : Enter: com.engagement.service.AdminService.save() with argument[s] = [Admin(adminId=0, email=email@email, firstName=first, lastName=last)]
2020-11-20 09:54:18.000 DEBUG 8328 --- [http-nio-9011-exec-5] com.engagement.aspect.LoggingAspect      : Exit: com.engagement.service.AdminService.save() with result = true
2020-11-20 09:54:18.001 DEBUG 8328 --- [http-nio-9011-exec-5] com.engagement.aspect.LoggingAspect      : Exit: com.engagement.controller.AdminController.save() with result = <201 CREATED Created,Admin successfully created,[]>
2020-11-20 09:55:01.664 DEBUG 8328 --- [http-nio-9011-exec-6] com.engagement.aspect.LoggingAspect      : Enter: com.engagement.controller.AdminController.save() with argument[s] = [AdminDto(adminId=0, email=email@email, firstName=first, lastName=last)]
2020-11-20 09:55:01.665 DEBUG 8328 --- [http-nio-9011-exec-6] com.engagement.aspect.LoggingAspect      : Enter: com.engagement.service.AdminService.save() with argument[s] = [Admin(adminId=0, email=email@email, firstName=first, lastName=last)]
2020-11-20 09:55:01.990 DEBUG 8328 --- [http-nio-9011-exec-6] com.engagement.aspect.LoggingAspect      : Exit: com.engagement.service.AdminService.save() with result = false
2020-11-20 09:55:01.990 DEBUG 8328 --- [http-nio-9011-exec-6] com.engagement.aspect.LoggingAspect      : Exit: com.engagement.controller.AdminController.save() with result = <409 CONFLICT Conflict,Admin creation failed,[]>
2020-11-20 09:56:45.669  INFO 8328 --- [RMI TCP Connection(14)-127.0.0.1] inMXBeanRegistrar$SpringApplicationAdmin : Application shutdown requested.
2020-11-20 09:56:45.736  INFO 8328 --- [RMI TCP Connection(14)-127.0.0.1] j.LocalContainerEntityManagerFactoryBean : Closing JPA EntityManagerFactory for persistence unit 'default'
2020-11-20 09:56:45.737  INFO 8328 --- [RMI TCP Connection(14)-127.0.0.1] o.s.s.concurrent.ThreadPoolTaskExecutor  : Shutting down ExecutorService 'applicationTaskExecutor'
2020-11-20 09:56:45.739  INFO 8328 --- [RMI TCP Connection(14)-127.0.0.1] com.zaxxer.hikari.HikariDataSource       : HikariPool-1 - Shutdown initiated...
2020-11-20 09:56:45.747  INFO 8328 --- [RMI TCP Connection(14)-127.0.0.1] com.zaxxer.hikari.HikariDataSource       : HikariPool-1 - Shutdown completed.
